


ARM Macro Assembler    Page 1 


    1 00000000                 AREA             |.text|, CODE, READONLY
    2 00000000         
    3 00000000 40025000 
                       GPIO_PORTF_BASE
                               EQU              0x40025000
    4 00000000 00000400 
                       GPIO_O_DIR
                               EQU              0x00000400
    5 00000000 00000500 
                       GPIO_O_DR2R
                               EQU              0x00000500
    6 00000000 0000051C 
                       GPIO_O_DEN
                               EQU              0x0000051C
    7 00000000         
    8 00000000 00000010 
                       PIN4    EQU              0x10
    9 00000000 00000020 
                       PIN5    EQU              0x20
   10 00000000 00000030 
                       PIN4_5  EQU              0x30
   11 00000000         
   12 00000000 0002FFFF 
                       DUREE_CLIGNOTEMENT
                               EQU              0x0002FFFF
   13 00000000         
   14 00000000                 ENTRY
   15 00000000                 EXPORT           LEDs_INIT
   16 00000000                 EXPORT           LEDs_ON
   17 00000000                 EXPORT           LEDs_OFF
   18 00000000                 EXPORT           LED_GAUCHE_ON
   19 00000000                 EXPORT           LED_GAUCHE_OFF
   20 00000000                 EXPORT           LED_DROITE_ON
   21 00000000                 EXPORT           LED_DROITE_OFF
   22 00000000         
   23 00000000         LEDs_INIT
   24 00000000 4E1A            LDR              r6, = GPIO_PORTF_BASE + GPIO_O_
DIR
   25 00000002 F04F 0030       LDR              r0, = PIN4_5
   26 00000006 6030            STR              r0, [r6]
   27 00000008         
   28 00000008 4E19            LDR              r6, = GPIO_PORTF_BASE + GPIO_O_
DEN
   29 0000000A F04F 0030       LDR              r0, = PIN4_5
   30 0000000E 6030            STR              r0, [r6]
   31 00000010         
   32 00000010 4E18            LDR              r6, = GPIO_PORTF_BASE + GPIO_O_
DR2R
   33 00000012 F04F 0030       LDR              r0, = PIN4_5
   34 00000016 6030            STR              r0, [r6]
   35 00000018         
   36 00000018 F04F 0200       MOV              r2, #0
   37 0000001C 4770            BX               LR
   38 0000001E         
   39 0000001E         LEDs_ON
   40 0000001E F04F 0330       MOV              r3, #PIN4_5
   41 00000022 4E15            LDR              r6, = GPIO_PORTF_BASE + (PIN4_5
<<2)
   42 00000024 6033            STR              r3, [r6]



ARM Macro Assembler    Page 2 


   43 00000026 4770            BX               LR
   44 00000028         
   45 00000028         LEDs_OFF
   46 00000028 4E13            LDR              r6, = GPIO_PORTF_BASE + (PIN4_5
<<2)
   47 0000002A F04F 0200       MOV              r2, #0
   48 0000002E 6032            STR              r2, [r6]
   49 00000030 4770            BX               LR
   50 00000032         
   51 00000032         LED_DROITE_ON
   52 00000032 B500            PUSH             {LR}
   53 00000034 F04F 0310       MOV              r3, #PIN4
   54 00000038 4E10            LDR              r6, = GPIO_PORTF_BASE + (PIN4<<
2)
   55 0000003A 6033            STR              r3, [r6]
   56 0000003C F85D EB04       POP              {LR}
   57 00000040 4770            BX               LR
   58 00000042         
   59 00000042         LED_DROITE_OFF
   60 00000042 B500            PUSH             {LR}
   61 00000044 4E0D            LDR              r6, = GPIO_PORTF_BASE + (PIN4<<
2)
   62 00000046 6032            STR              r2, [r6]
   63 00000048 F85D EB04       POP              {LR}
   64 0000004C 4770            BX               LR
   65 0000004E         
   66 0000004E         LED_GAUCHE_ON
   67 0000004E B500            PUSH             {LR}
   68 00000050 F04F 0320       MOV              r3, #PIN5
   69 00000054 4E0A            LDR              r6, = GPIO_PORTF_BASE + (PIN5<<
2)
   70 00000056 6033            STR              r3, [r6]
   71 00000058 F85D EB04       POP              {LR}
   72 0000005C 4770            BX               LR
   73 0000005E         
   74 0000005E         LED_GAUCHE_OFF
   75 0000005E B500            PUSH             {LR}
   76 00000060 4E07            LDR              r6, = GPIO_PORTF_BASE + (PIN5<<
2)
   77 00000062 6032            STR              r2, [r6]
   78 00000064 F85D EB04       POP              {LR}
   79 00000068 4770            BX               LR
   80 0000006A         
   81 0000006A                 END
              00 00 40025400 
              4002551C 
              40025500 
              400250C0 
              40025040 
              40025080 
Command Line: --debug --xref --diag_suppress=9931 --cpu=Cortex-M3 --depend=.\ob
jects\leds.d -o.\objects\leds.o -I.\RTE\_Target_1 -IC:\Users\ibmad\AppData\Loca
l\Arm\Packs\ARM\CMSIS\5.5.1\CMSIS\Core\Include -IC:\Users\ibmad\AppData\Local\A
rm\Packs\Keil\LM3S_DFP\1.1.0\Device\Include --predefine="__EVAL SETA 1" --prede
fine="__UVISION_VERSION SETA 528" --predefine="_RTE_ SETA 1" --predefine="LM3S9
B92 SETA 1" --list=.\listings\leds.lst src\Leds.s



ARM Macro Assembler    Page 1 Alphabetic symbol ordering
Relocatable symbols

.text 00000000

Symbol: .text
   Definitions
      At line 1 in file src\Leds.s
   Uses
      None
Comment: .text unused
LED_DROITE_OFF 00000042

Symbol: LED_DROITE_OFF
   Definitions
      At line 59 in file src\Leds.s
   Uses
      At line 21 in file src\Leds.s
Comment: LED_DROITE_OFF used once
LED_DROITE_ON 00000032

Symbol: LED_DROITE_ON
   Definitions
      At line 51 in file src\Leds.s
   Uses
      At line 20 in file src\Leds.s
Comment: LED_DROITE_ON used once
LED_GAUCHE_OFF 0000005E

Symbol: LED_GAUCHE_OFF
   Definitions
      At line 74 in file src\Leds.s
   Uses
      At line 19 in file src\Leds.s
Comment: LED_GAUCHE_OFF used once
LED_GAUCHE_ON 0000004E

Symbol: LED_GAUCHE_ON
   Definitions
      At line 66 in file src\Leds.s
   Uses
      At line 18 in file src\Leds.s
Comment: LED_GAUCHE_ON used once
LEDs_INIT 00000000

Symbol: LEDs_INIT
   Definitions
      At line 23 in file src\Leds.s
   Uses
      At line 15 in file src\Leds.s
Comment: LEDs_INIT used once
LEDs_OFF 00000028

Symbol: LEDs_OFF
   Definitions
      At line 45 in file src\Leds.s
   Uses
      At line 17 in file src\Leds.s
Comment: LEDs_OFF used once
LEDs_ON 0000001E

Symbol: LEDs_ON



ARM Macro Assembler    Page 2 Alphabetic symbol ordering
Relocatable symbols

   Definitions
      At line 39 in file src\Leds.s
   Uses
      At line 16 in file src\Leds.s
Comment: LEDs_ON used once
8 symbols



ARM Macro Assembler    Page 1 Alphabetic symbol ordering
Absolute symbols

DUREE_CLIGNOTEMENT 0002FFFF

Symbol: DUREE_CLIGNOTEMENT
   Definitions
      At line 12 in file src\Leds.s
   Uses
      None
Comment: DUREE_CLIGNOTEMENT unused
GPIO_O_DEN 0000051C

Symbol: GPIO_O_DEN
   Definitions
      At line 6 in file src\Leds.s
   Uses
      At line 28 in file src\Leds.s
Comment: GPIO_O_DEN used once
GPIO_O_DIR 00000400

Symbol: GPIO_O_DIR
   Definitions
      At line 4 in file src\Leds.s
   Uses
      At line 24 in file src\Leds.s
Comment: GPIO_O_DIR used once
GPIO_O_DR2R 00000500

Symbol: GPIO_O_DR2R
   Definitions
      At line 5 in file src\Leds.s
   Uses
      At line 32 in file src\Leds.s
Comment: GPIO_O_DR2R used once
GPIO_PORTF_BASE 40025000

Symbol: GPIO_PORTF_BASE
   Definitions
      At line 3 in file src\Leds.s
   Uses
      At line 24 in file src\Leds.s
      At line 28 in file src\Leds.s
      At line 32 in file src\Leds.s
      At line 41 in file src\Leds.s
      At line 46 in file src\Leds.s
      At line 54 in file src\Leds.s
      At line 61 in file src\Leds.s
      At line 69 in file src\Leds.s
      At line 76 in file src\Leds.s

PIN4 00000010

Symbol: PIN4
   Definitions
      At line 8 in file src\Leds.s
   Uses
      At line 53 in file src\Leds.s
      At line 54 in file src\Leds.s
      At line 61 in file src\Leds.s

PIN4_5 00000030



ARM Macro Assembler    Page 2 Alphabetic symbol ordering
Absolute symbols


Symbol: PIN4_5
   Definitions
      At line 10 in file src\Leds.s
   Uses
      At line 25 in file src\Leds.s
      At line 29 in file src\Leds.s
      At line 33 in file src\Leds.s
      At line 40 in file src\Leds.s
      At line 41 in file src\Leds.s
      At line 46 in file src\Leds.s

PIN5 00000020

Symbol: PIN5
   Definitions
      At line 9 in file src\Leds.s
   Uses
      At line 68 in file src\Leds.s
      At line 69 in file src\Leds.s
      At line 76 in file src\Leds.s

8 symbols
352 symbols in table
