


ARM Macro Assembler    Page 1 


    1 00000000                 AREA             |.text|, CODE, READONLY
    2 00000000         
    3 00000000 400FE108 
                       SYSCTL_PERIPH_GPIO
                               EQU              0x400FE108
    4 00000000         
    5 00000000                 ENTRY
    6 00000000                 EXPORT           __main
    7 00000000         
    8 00000000         ;; Imports for interaction handling and time-related
    9 00000000                 IMPORT           HANDLE_BUMPERS_INTERACTIONS
   10 00000000                 IMPORT           HANDLE_SWITCHES_INTERACTIONS
   11 00000000                 IMPORT           INTERACTIONS_TO_DISTANCE
   12 00000000                 IMPORT           WAIT_ASKED_TIME_IN_CYCLE
   13 00000000                 IMPORT           DISTANCE_TO_TIME_IN_CYCLE
   14 00000000                 IMPORT           TRAVEL_TIME_IN_CYCLE
   15 00000000         
   16 00000000         ;; Imports for initialization
   17 00000000                 IMPORT           LEDs_INIT
   18 00000000                 IMPORT           MOTEUR_INIT
   19 00000000                 IMPORT           BUMPERS_INIT
   20 00000000                 IMPORT           SWITCHES_INIT
   21 00000000         
   22 00000000                 IMPORT           MOTORS_ON
   23 00000000                 IMPORT           MOTORS_OFF
   24 00000000                 IMPORT           FORWARD_MOTION
   25 00000000         
   26 00000000                 IMPORT           LEDs_ON
   27 00000000                 IMPORT           LEDs_OFF
   28 00000000         
   29 00000000                 IMPORT           SECOND_SWITCH_ST_ADR ;; store t
                                                            he state of the swi
                                                            tch one
   30 00000000                 IMPORT           FIRST_SWITCH_ST_ADR ;; store th
                                                            e state of the swit
                                                            ch two
   31 00000000         
   32 00000000                 IMPORT           INIT_UTIL_address
   33 00000000         __main
   34 00000000 4E16            ldr              r6, = SYSCTL_PERIPH_GPIO
   35 00000002 F04F 0038       mov              r0, #0x38   ;; (0x38 == 0b11100
                                                            0)
   36 00000006         ; ;;     (GPIO :    FEDCBA)
   37 00000006 6030            str              r0, [r6]
   38 00000008         
   39 00000008 BF00            nop
   40 0000000A BF00            nop
   41 0000000C BF00            nop
   42 0000000E         
   43 0000000E         RESTART_PROG                         ;; init must be don
                                                            e again because it 
                                                            also init adress va
                                                            lues
   44 0000000E         ;^^^^^^^^^^^^^^^^^^^^^^^^^^^^^^PERIPHERAL INITIALIZATION
                       S FOR "PHASE 1: SETUP"
   45 0000000E F7FF FFFE       BL               BUMPERS_INIT
   46 00000012 F7FF FFFE       BL               LEDs_INIT
   47 00000016 F7FF FFFE       BL               SWITCHES_INIT
   48 0000001A         



ARM Macro Assembler    Page 2 


   49 0000001A F7FF FFFE       BL               INIT_UTIL_address
   50 0000001E         
   51 0000001E         SETUP                                ;; Start of the SET
                                                            UP phase
   52 0000001E F7FF FFFE       BL               LEDs_ON
   53 00000022         
   54 00000022 F7FF FFFE       BL               HANDLE_BUMPERS_INTERACTIONS
   55 00000026 F7FF FFFE       BL               HANDLE_SWITCHES_INTERACTIONS
   56 0000002A         
   57 0000002A         ;; Check if swith 1 is pressed
   58 0000002A 490D            LDR              r1, =SECOND_SWITCH_ST_ADR
   59 0000002C 6809            LDR              r1, [r1]
   60 0000002E 2901            CMP              r1, #1
   61 00000030 D000            BEQ              MEASURE     ;; if switch 1 is p
                                                            ressed, start MEASU
                                                            RE step, else : sta
                                                            y in setup step
   62 00000032         
   63 00000032 E7F4            b                SETUP
   64 00000034         
   65 00000034         MEASURE                              ;; Start of the mea
                                                            surement phase
   66 00000034         ;^^^^^^^^^^^^^^^^^^^^^^^^^^^^^^PERIPHERAL INITIALIZATION
                       S FOR "PHASE 2: MEASUREMENT ACTION"
   67 00000034 F7FF FFFE       BL               MOTEUR_INIT
   68 00000038         
   69 00000038         ;; Turn off LEDs to indicate that configuration is no lo
                       nger possible
   70 00000038 F7FF FFFE       BL               LEDs_OFF
   71 0000003C         
   72 0000003C F7FF FFFE       BL               INTERACTIONS_TO_DISTANCE ;; Con
                                                            vert user interacti
                                                            ons into distance  
                                                            
   73 00000040 F7FF FFFE       BL               DISTANCE_TO_TIME_IN_CYCLE ;; Co
                                                            nvert requested dis
                                                            tance into executio
                                                            n cycles and store 
                                                            it in the dedicated
                                                             address (label "TR
                                                            AVEL_TIME_IN_CYCLE"
                                                            )
   74 00000044         
   75 00000044         ;; Move the distance
   76 00000044 F7FF FFFE       BL               MOTORS_ON   ;; TURN ON MOTORS
   77 00000048 F7FF FFFE       BL               FORWARD_MOTION ;; MOVE FORWARD
   78 0000004C         
   79 0000004C         ;; Countdown based on the value of the dedicated address
                        (label "TRAVEL_TIME_IN_CYCLE") 
   80 0000004C F7FF FFFE       BL               WAIT_ASKED_TIME_IN_CYCLE
   81 00000050         
   82 00000050         ;; End of the journey
   83 00000050 F7FF FFFE       BL               MOTORS_OFF  ;; turn off motors
   84 00000054         
   85 00000054 F7FF FFFE       BL               LEDs_OFF    ;; turn off LEDs
   86 00000058 E7D9            b                RESTART_PROG
   87 0000005A         
   88 0000005A         END_PROG
   89 0000005A BF00            nop



ARM Macro Assembler    Page 3 


   90 0000005C                 END
              400FE108 
              00000000 
Command Line: --debug --xref --diag_suppress=9931 --cpu=Cortex-M3 --depend=.\ob
jects\program.d -o.\objects\program.o -I.\RTE\_Target_1 -IC:\Users\ibmad\AppDat
a\Local\Arm\Packs\ARM\CMSIS\5.5.1\CMSIS\Core\Include -IC:\Users\ibmad\AppData\L
ocal\Arm\Packs\Keil\LM3S_DFP\1.1.0\Device\Include --predefine="__EVAL SETA 1" -
-predefine="__UVISION_VERSION SETA 528" --predefine="_RTE_ SETA 1" --predefine=
"LM3S9B92 SETA 1" --list=.\listings\program.lst src\Program.s



ARM Macro Assembler    Page 1 Alphabetic symbol ordering
Relocatable symbols

.text 00000000

Symbol: .text
   Definitions
      At line 1 in file src\Program.s
   Uses
      None
Comment: .text unused
END_PROG 0000005A

Symbol: END_PROG
   Definitions
      At line 88 in file src\Program.s
   Uses
      None
Comment: END_PROG unused
MEASURE 00000034

Symbol: MEASURE
   Definitions
      At line 65 in file src\Program.s
   Uses
      At line 61 in file src\Program.s
Comment: MEASURE used once
RESTART_PROG 0000000E

Symbol: RESTART_PROG
   Definitions
      At line 43 in file src\Program.s
   Uses
      At line 86 in file src\Program.s
Comment: RESTART_PROG used once
SETUP 0000001E

Symbol: SETUP
   Definitions
      At line 51 in file src\Program.s
   Uses
      At line 63 in file src\Program.s
Comment: SETUP used once
__main 00000000

Symbol: __main
   Definitions
      At line 33 in file src\Program.s
   Uses
      At line 6 in file src\Program.s
Comment: __main used once
6 symbols



ARM Macro Assembler    Page 1 Alphabetic symbol ordering
Absolute symbols

SYSCTL_PERIPH_GPIO 400FE108

Symbol: SYSCTL_PERIPH_GPIO
   Definitions
      At line 3 in file src\Program.s
   Uses
      At line 34 in file src\Program.s
Comment: SYSCTL_PERIPH_GPIO used once
1 symbol



ARM Macro Assembler    Page 1 Alphabetic symbol ordering
External symbols

BUMPERS_INIT 00000000

Symbol: BUMPERS_INIT
   Definitions
      At line 19 in file src\Program.s
   Uses
      At line 45 in file src\Program.s
Comment: BUMPERS_INIT used once
DISTANCE_TO_TIME_IN_CYCLE 00000000

Symbol: DISTANCE_TO_TIME_IN_CYCLE
   Definitions
      At line 13 in file src\Program.s
   Uses
      At line 73 in file src\Program.s
Comment: DISTANCE_TO_TIME_IN_CYCLE used once
FIRST_SWITCH_ST_ADR 00000000

Symbol: FIRST_SWITCH_ST_ADR
   Definitions
      At line 30 in file src\Program.s
   Uses
      None
Comment: FIRST_SWITCH_ST_ADR unused
FORWARD_MOTION 00000000

Symbol: FORWARD_MOTION
   Definitions
      At line 24 in file src\Program.s
   Uses
      At line 77 in file src\Program.s
Comment: FORWARD_MOTION used once
HANDLE_BUMPERS_INTERACTIONS 00000000

Symbol: HANDLE_BUMPERS_INTERACTIONS
   Definitions
      At line 9 in file src\Program.s
   Uses
      At line 54 in file src\Program.s
Comment: HANDLE_BUMPERS_INTERACTIONS used once
HANDLE_SWITCHES_INTERACTIONS 00000000

Symbol: HANDLE_SWITCHES_INTERACTIONS
   Definitions
      At line 10 in file src\Program.s
   Uses
      At line 55 in file src\Program.s
Comment: HANDLE_SWITCHES_INTERACTIONS used once
INIT_UTIL_address 00000000

Symbol: INIT_UTIL_address
   Definitions
      At line 32 in file src\Program.s
   Uses
      At line 49 in file src\Program.s
Comment: INIT_UTIL_address used once
INTERACTIONS_TO_DISTANCE 00000000

Symbol: INTERACTIONS_TO_DISTANCE



ARM Macro Assembler    Page 2 Alphabetic symbol ordering
External symbols

   Definitions
      At line 11 in file src\Program.s
   Uses
      At line 72 in file src\Program.s
Comment: INTERACTIONS_TO_DISTANCE used once
LEDs_INIT 00000000

Symbol: LEDs_INIT
   Definitions
      At line 17 in file src\Program.s
   Uses
      At line 46 in file src\Program.s
Comment: LEDs_INIT used once
LEDs_OFF 00000000

Symbol: LEDs_OFF
   Definitions
      At line 27 in file src\Program.s
   Uses
      At line 70 in file src\Program.s
      At line 85 in file src\Program.s

LEDs_ON 00000000

Symbol: LEDs_ON
   Definitions
      At line 26 in file src\Program.s
   Uses
      At line 52 in file src\Program.s
Comment: LEDs_ON used once
MOTEUR_INIT 00000000

Symbol: MOTEUR_INIT
   Definitions
      At line 18 in file src\Program.s
   Uses
      At line 67 in file src\Program.s
Comment: MOTEUR_INIT used once
MOTORS_OFF 00000000

Symbol: MOTORS_OFF
   Definitions
      At line 23 in file src\Program.s
   Uses
      At line 83 in file src\Program.s
Comment: MOTORS_OFF used once
MOTORS_ON 00000000

Symbol: MOTORS_ON
   Definitions
      At line 22 in file src\Program.s
   Uses
      At line 76 in file src\Program.s
Comment: MOTORS_ON used once
SECOND_SWITCH_ST_ADR 00000000

Symbol: SECOND_SWITCH_ST_ADR
   Definitions
      At line 29 in file src\Program.s



ARM Macro Assembler    Page 3 Alphabetic symbol ordering
External symbols

   Uses
      At line 58 in file src\Program.s
Comment: SECOND_SWITCH_ST_ADR used once
SWITCHES_INIT 00000000

Symbol: SWITCHES_INIT
   Definitions
      At line 20 in file src\Program.s
   Uses
      At line 47 in file src\Program.s
Comment: SWITCHES_INIT used once
TRAVEL_TIME_IN_CYCLE 00000000

Symbol: TRAVEL_TIME_IN_CYCLE
   Definitions
      At line 14 in file src\Program.s
   Uses
      None
Comment: TRAVEL_TIME_IN_CYCLE unused
WAIT_ASKED_TIME_IN_CYCLE 00000000

Symbol: WAIT_ASKED_TIME_IN_CYCLE
   Definitions
      At line 12 in file src\Program.s
   Uses
      At line 80 in file src\Program.s
Comment: WAIT_ASKED_TIME_IN_CYCLE used once
18 symbols
361 symbols in table
