


ARM Macro Assembler    Page 1 


    1 00000000                 AREA             |.text|, CODE, READONLY
    2 00000000         
    3 00000000 40007000 
                       GPIO_PORTD_BASE
                               EQU              0x40007000
    4 00000000 00000400 
                       GPIO_O_DIR
                               EQU              0x00000400
    5 00000000 00000500 
                       GPIO_O_DR2R
                               EQU              0x00000500
    6 00000000 0000051C 
                       GPIO_O_DEN
                               EQU              0x0000051C
    7 00000000 00000510 
                       GPIO_I_PUR
                               EQU              0x00000510
    8 00000000         
    9 00000000 00000040 
                       BROCHE6 EQU              0x40
   10 00000000 00000080 
                       BROCHE7 EQU              0x80
   11 00000000 000000C0 
                       BROCHE6_7
                               EQU              0xC0
   12 00000000         
   13 00000000                 ENTRY
   14 00000000                 EXPORT           SWITCH_HAUT_READSTATE
   15 00000000                 EXPORT           SWITCH_BAS_READSTATE
   16 00000000         
   17 00000000         
   18 00000000         SWITCH_HAUT_INIT
   19 00000000 4F11            LDR              r7, = GPIO_PORTD_BASE + GPIO_I_
PUR
   20 00000002 F04F 0040       LDR              r0, = BROCHE6
   21 00000006 6038            STR              r0, [r7]
   22 00000008         
   23 00000008 4F10            LDR              r7, = GPIO_PORTD_BASE + GPIO_O_
DEN
   24 0000000A F04F 0040       LDR              r0, = BROCHE6
   25 0000000E 6038            STR              r0, [r7]
   26 00000010         
   27 00000010 4F0F            LDR              r7, = GPIO_PORTD_BASE + (BROCHE
6<<2)
   28 00000012 4770            BX               LR
   29 00000014         
   30 00000014         SWITCH_HAUT_READSTATE
   31 00000014 B500            PUSH             {LR}
   32 00000016 F7FF FFF3       BL               SWITCH_HAUT_INIT
   33 0000001A F8D7 A000       LDR              r10, [r7]
   34 0000001E F85D EB04       POP              {LR}
   35 00000022 4770            BX               LR
   36 00000024         
   37 00000024         SWITCH_BAS_INIT
   38 00000024 4F08            LDR              r7, = GPIO_PORTD_BASE + GPIO_I_
PUR
   39 00000026 F04F 0080       LDR              r0, = BROCHE7
   40 0000002A 6038            STR              r0, [r7]
   41 0000002C         



ARM Macro Assembler    Page 2 


   42 0000002C 4F07            LDR              r7, = GPIO_PORTD_BASE + GPIO_O_
DEN
   43 0000002E F04F 0080       LDR              r0, = BROCHE7
   44 00000032 6038            STR              r0, [r7]
   45 00000034         
   46 00000034 4F07            LDR              r7, = GPIO_PORTD_BASE + (BROCHE
7<<2)
   47 00000036 4770            BX               LR
   48 00000038         
   49 00000038         SWITCH_BAS_READSTATE
   50 00000038 B500            PUSH             {LR}
   51 0000003A F7FF FFF3       BL               SWITCH_BAS_INIT
   52 0000003E F8D7 A000       LDR              r10, [r7]
   53 00000042 F85D EB04       POP              {LR}
   54 00000046 4770            BX               LR
   55 00000048         
   56 00000048                 END
              40007510 
              4000751C 
              40007100 
              40007200 
Command Line: --debug --xref --diag_suppress=9931 --cpu=Cortex-M3 --depend=.\ob
jects\switches.d -o.\objects\switches.o -I.\RTE\_Target_1 -IC:\Users\ibmad\AppD
ata\Local\Arm\Packs\ARM\CMSIS\5.5.1\CMSIS\Core\Include -IC:\Users\ibmad\AppData
\Local\Arm\Packs\Keil\LM3S_DFP\1.1.0\Device\Include --predefine="__EVAL SETA 1"
 --predefine="__UVISION_VERSION SETA 528" --predefine="_RTE_ SETA 1" --predefin
e="LM3S9B92 SETA 1" --list=.\listings\switches.lst src\Switches.s



ARM Macro Assembler    Page 1 Alphabetic symbol ordering
Relocatable symbols

.text 00000000

Symbol: .text
   Definitions
      At line 1 in file src\Switches.s
   Uses
      None
Comment: .text unused
SWITCH_BAS_INIT 00000024

Symbol: SWITCH_BAS_INIT
   Definitions
      At line 37 in file src\Switches.s
   Uses
      At line 51 in file src\Switches.s
Comment: SWITCH_BAS_INIT used once
SWITCH_BAS_READSTATE 00000038

Symbol: SWITCH_BAS_READSTATE
   Definitions
      At line 49 in file src\Switches.s
   Uses
      At line 15 in file src\Switches.s
Comment: SWITCH_BAS_READSTATE used once
SWITCH_HAUT_INIT 00000000

Symbol: SWITCH_HAUT_INIT
   Definitions
      At line 18 in file src\Switches.s
   Uses
      At line 32 in file src\Switches.s
Comment: SWITCH_HAUT_INIT used once
SWITCH_HAUT_READSTATE 00000014

Symbol: SWITCH_HAUT_READSTATE
   Definitions
      At line 30 in file src\Switches.s
   Uses
      At line 14 in file src\Switches.s
Comment: SWITCH_HAUT_READSTATE used once
5 symbols



ARM Macro Assembler    Page 1 Alphabetic symbol ordering
Absolute symbols

BROCHE6 00000040

Symbol: BROCHE6
   Definitions
      At line 9 in file src\Switches.s
   Uses
      At line 20 in file src\Switches.s
      At line 24 in file src\Switches.s
      At line 27 in file src\Switches.s

BROCHE6_7 000000C0

Symbol: BROCHE6_7
   Definitions
      At line 11 in file src\Switches.s
   Uses
      None
Comment: BROCHE6_7 unused
BROCHE7 00000080

Symbol: BROCHE7
   Definitions
      At line 10 in file src\Switches.s
   Uses
      At line 39 in file src\Switches.s
      At line 43 in file src\Switches.s
      At line 46 in file src\Switches.s

GPIO_I_PUR 00000510

Symbol: GPIO_I_PUR
   Definitions
      At line 7 in file src\Switches.s
   Uses
      At line 19 in file src\Switches.s
      At line 38 in file src\Switches.s

GPIO_O_DEN 0000051C

Symbol: GPIO_O_DEN
   Definitions
      At line 6 in file src\Switches.s
   Uses
      At line 23 in file src\Switches.s
      At line 42 in file src\Switches.s

GPIO_O_DIR 00000400

Symbol: GPIO_O_DIR
   Definitions
      At line 4 in file src\Switches.s
   Uses
      None
Comment: GPIO_O_DIR unused
GPIO_O_DR2R 00000500

Symbol: GPIO_O_DR2R
   Definitions
      At line 5 in file src\Switches.s



ARM Macro Assembler    Page 2 Alphabetic symbol ordering
Absolute symbols

   Uses
      None
Comment: GPIO_O_DR2R unused
GPIO_PORTD_BASE 40007000

Symbol: GPIO_PORTD_BASE
   Definitions
      At line 3 in file src\Switches.s
   Uses
      At line 19 in file src\Switches.s
      At line 23 in file src\Switches.s
      At line 27 in file src\Switches.s
      At line 38 in file src\Switches.s
      At line 42 in file src\Switches.s
      At line 46 in file src\Switches.s

8 symbols
349 symbols in table
