


ARM Macro Assembler    Page 1 


    1 00000000                 AREA             |.text|, CODE, READONLY
    2 00000000         
    3 00000000 20000000 
                       TRAVEL_DISTANCE_CM_ADR
                               EQU              0x20000000  ;; Distance à parc
                                                            ourir en cm
    4 00000000         
    5 00000000                 ENTRY
    6 00000000                 EXPORT           INTERACTIONS_TO_DISTANCE
    7 00000000                 EXPORT           TRAVEL_DISTANCE_CM_ADR
    8 00000000         
    9 00000000                 EXPORT           INCR_VAL_STORED_IN_R1_ADR
   10 00000000         
   11 00000000                 IMPORT           LEFT_BUMPER_CT_ADR
   12 00000000                 IMPORT           RIGHT_BUMPER_CT_ADR
   13 00000000         
   14 00000000                 IMPORT           FIRST_SWITCH_CT_ADR
   15 00000000         
   16 00000000                 EXPORT           INIT_UTIL_address
   17 00000000         
   18 00000000         ;; a label to use for initializing all program's address
                        values to 0
   19 00000000         INIT_UTIL_address
   20 00000000 F04F 0000       MOV              r0, #0
   21 00000004         ; Charger l'addresse de TRAVEL_DISTANCE_CM_ADR et y stoc
                       ker 0
   22 00000004 F04F 5100       LDR              r1, =TRAVEL_DISTANCE_CM_ADR
   23 00000008 6008            STR              r0, [r1]
   24 0000000A         
   25 0000000A 4770            BX               LR
   26 0000000C         
   27 0000000C         ;; convert user interactions to distance and store in in
                        TRAVEL_DISTANCE_CM_ADR
   28 0000000C         INTERACTIONS_TO_DISTANCE
   29 0000000C F04F 5000       LDR              r0, =TRAVEL_DISTANCE_CM_ADR
   30 00000010         
   31 00000010 F04F 0400       MOV              r4, #0
   32 00000014 6004            STR              r4, [r0]
   33 00000016         
   34 00000016 490D            LDR              r1, =LEFT_BUMPER_CT_ADR
   35 00000018 680A            LDR              r2, [r1]
   36 0000001A F04F 0305       MOV              r3, #0x05
   37 0000001E         
   38 0000001E FB02 F403       MUL              r4, r2, r3  ;; left bumper clic
                                                             add 5 seconds
   39 00000022         
   40 00000022 490B            LDR              r1, =RIGHT_BUMPER_CT_ADR
   41 00000024 680A            LDR              r2, [r1]
   42 00000026 F04F 0301       MOV              r3, #0x01
   43 0000002A         
   44 0000002A FB02 F503       MUL              r5, r2, r3  ;; right bumper cli
                                                            c add 5 seconds
   45 0000002E 442C            ADD              r4, r4, r5
   46 00000030         
   47 00000030 4908            LDR              r1, =FIRST_SWITCH_CT_ADR
   48 00000032 680A            LDR              r2, [r1]
   49 00000034 F04F 030A       MOV              r3, #0x0A
   50 00000038         
   51 00000038 FB02 F503       MUL              r5, r2, r3



ARM Macro Assembler    Page 2 


   52 0000003C         
   53 0000003C 442C            ADD              r4, r4, r5
   54 0000003E         
   55 0000003E 6004            STR              r4, [r0]
   56 00000040         
   57 00000040 4770            BX               LR
   58 00000042         
   59 00000042         ;; to use, store an address in r1 containing an address 
                       you want to increment
   60 00000042         ;; take the value stored in address which is stored in r
                       1, increment 1 to it value, put the new value in the add
                       ress
   61 00000042         INCR_VAL_STORED_IN_R1_ADR
   62 00000042 680A            LDR              r2, [r1]
   63 00000044 F102 0201       ADD              r2, #0x01
   64 00000048 600A            STR              r2, [r1]
   65 0000004A         
   66 0000004A 4770            BX               LR
   67 0000004C         
   68 0000004C                 END
              00000000 
              00000000 
              00000000 
Command Line: --debug --xref --diag_suppress=9931 --cpu=Cortex-M3 --depend=.\ob
jects\utils.d -o.\objects\utils.o -I.\RTE\_Target_1 -IC:\Users\ibmad\AppData\Lo
cal\Arm\Packs\ARM\CMSIS\5.5.1\CMSIS\Core\Include -IC:\Users\ibmad\AppData\Local
\Arm\Packs\Keil\LM3S_DFP\1.1.0\Device\Include --predefine="__EVAL SETA 1" --pre
define="__UVISION_VERSION SETA 528" --predefine="_RTE_ SETA 1" --predefine="LM3
S9B92 SETA 1" --list=.\listings\utils.lst src\Utils.s



ARM Macro Assembler    Page 1 Alphabetic symbol ordering
Relocatable symbols

.text 00000000

Symbol: .text
   Definitions
      At line 1 in file src\Utils.s
   Uses
      None
Comment: .text unused
INCR_VAL_STORED_IN_R1_ADR 00000042

Symbol: INCR_VAL_STORED_IN_R1_ADR
   Definitions
      At line 61 in file src\Utils.s
   Uses
      At line 9 in file src\Utils.s
Comment: INCR_VAL_STORED_IN_R1_ADR used once
INIT_UTIL_address 00000000

Symbol: INIT_UTIL_address
   Definitions
      At line 19 in file src\Utils.s
   Uses
      At line 16 in file src\Utils.s
Comment: INIT_UTIL_address used once
INTERACTIONS_TO_DISTANCE 0000000C

Symbol: INTERACTIONS_TO_DISTANCE
   Definitions
      At line 28 in file src\Utils.s
   Uses
      At line 6 in file src\Utils.s
Comment: INTERACTIONS_TO_DISTANCE used once
4 symbols



ARM Macro Assembler    Page 1 Alphabetic symbol ordering
Absolute symbols

TRAVEL_DISTANCE_CM_ADR 20000000

Symbol: TRAVEL_DISTANCE_CM_ADR
   Definitions
      At line 3 in file src\Utils.s
   Uses
      At line 7 in file src\Utils.s
      At line 22 in file src\Utils.s
      At line 29 in file src\Utils.s

1 symbol



ARM Macro Assembler    Page 1 Alphabetic symbol ordering
External symbols

FIRST_SWITCH_CT_ADR 00000000

Symbol: FIRST_SWITCH_CT_ADR
   Definitions
      At line 14 in file src\Utils.s
   Uses
      At line 47 in file src\Utils.s
Comment: FIRST_SWITCH_CT_ADR used once
LEFT_BUMPER_CT_ADR 00000000

Symbol: LEFT_BUMPER_CT_ADR
   Definitions
      At line 11 in file src\Utils.s
   Uses
      At line 34 in file src\Utils.s
Comment: LEFT_BUMPER_CT_ADR used once
RIGHT_BUMPER_CT_ADR 00000000

Symbol: RIGHT_BUMPER_CT_ADR
   Definitions
      At line 12 in file src\Utils.s
   Uses
      At line 40 in file src\Utils.s
Comment: RIGHT_BUMPER_CT_ADR used once
3 symbols
344 symbols in table
